d:\project\ucc\vs\ucc-2013\ucc-2013\debug\vc120.pdb
d:\project\ucc\vs\ucc-2013\ucc-2013\debug\vc120.idb
d:\project\ucc\vs\ucc-2013\ucc-2013\debug\alloc.obj
d:\project\ucc\vs\ucc-2013\ucc-2013\debug\ucl.obj
d:\project\ucc\vs\ucc-2013\ucc-2013\debug\error.obj
d:\project\ucc\vs\ucc-2013\ucc-2013\debug\output.obj
d:\project\ucc\vs\ucc-2013\ucc-2013\debug\x86win32.obj
d:\project\ucc\vs\ucc-2013\ucc-2013\debug\reg.obj
d:\project\ucc\vs\ucc-2013\ucc-2013\debug\vector.obj
d:\project\ucc\vs\ucc-2013\ucc-2013\debug\x86.obj
d:\project\ucc\vs\ucc-2013\ucc-2013\debug\type.obj
d:\project\ucc\vs\ucc-2013\ucc-2013\debug\symbol.obj
d:\project\ucc\vs\ucc-2013\ucc-2013\debug\str.obj
d:\project\ucc\vs\ucc-2013\ucc-2013\debug\declchk.obj
d:\project\ucc\vs\ucc-2013\ucc-2013\debug\decl.obj
d:\project\ucc\vs\ucc-2013\ucc-2013\debug\stmt.obj
d:\project\ucc\vs\ucc-2013\ucc-2013\debug\stmtchk.obj
d:\project\ucc\vs\ucc-2013\ucc-2013\debug\ast.obj
d:\project\ucc\vs\ucc-2013\ucc-2013\debug\input.obj
d:\project\ucc\vs\ucc-2013\ucc-2013\debug\lex.obj
d:\project\ucc\vs\ucc-2013\ucc-2013\debug\expr.obj
d:\project\ucc\vs\ucc-2013\ucc-2013\debug\fold.obj
d:\project\ucc\vs\ucc-2013\ucc-2013\debug\exprchk.obj
d:\project\ucc\vs\ucc-2013\ucc-2013\debug\emit.obj
d:\project\ucc\vs\ucc-2013\ucc-2013\debug\transtmt.obj
d:\project\ucc\vs\ucc-2013\ucc-2013\debug\tranexpr.obj
d:\project\ucc\vs\ucc-2013\ucc-2013\debug\gen.obj
d:\project\ucc\vs\ucc-2013\ucc-2013\debug\simp.obj
d:\project\ucc\vs\ucc-2013\ucc-2013\debug\flow.obj
d:\project\ucc\vs\ucc-2013\ucc-2013\debug\dumpast.obj
d:\project\ucc\vs\ucc-2013\ucc-2013\debug\uildasm.obj
d:\project\ucc\vs\ucc-2013\ucc-2013\debug\win32.obj
d:\project\ucc\vs\ucc-2013\ucc-2013\debug\ucc.obj
d:\project\ucc\vs\ucc-2013\debug\ucc-2013.ilk
d:\project\ucc\vs\ucc-2013\debug\ucc-2013.exe
d:\project\ucc\vs\ucc-2013\debug\ucc-2013.pdb
d:\project\ucc\vs\ucc-2013\ucc-2013\debug\ucc-2013.tlog\cl.command.1.tlog
d:\project\ucc\vs\ucc-2013\ucc-2013\debug\ucc-2013.tlog\cl.read.1.tlog
d:\project\ucc\vs\ucc-2013\ucc-2013\debug\ucc-2013.tlog\cl.write.1.tlog
d:\project\ucc\vs\ucc-2013\ucc-2013\debug\ucc-2013.tlog\link.129816-cvtres.read.1.tlog
d:\project\ucc\vs\ucc-2013\ucc-2013\debug\ucc-2013.tlog\link.129816-cvtres.write.1.tlog
d:\project\ucc\vs\ucc-2013\ucc-2013\debug\ucc-2013.tlog\link.129816-rc.read.1.tlog
d:\project\ucc\vs\ucc-2013\ucc-2013\debug\ucc-2013.tlog\link.129816-rc.write.1.tlog
d:\project\ucc\vs\ucc-2013\ucc-2013\debug\ucc-2013.tlog\link.129816.read.1.tlog
d:\project\ucc\vs\ucc-2013\ucc-2013\debug\ucc-2013.tlog\link.129816.write.1.tlog
d:\project\ucc\vs\ucc-2013\ucc-2013\debug\ucc-2013.tlog\link.command.1.tlog
d:\project\ucc\vs\ucc-2013\ucc-2013\debug\ucc-2013.tlog\link.read.1.tlog
d:\project\ucc\vs\ucc-2013\ucc-2013\debug\ucc-2013.tlog\link.write.1.tlog
