生成启动时间为 2019/3/21 21:33:52。
     1>项目“D:\Project\ucc\vs\ucc-2013\ucc-2013\ucc-2013.vcxproj”在节点 2 上(Build 个目标)。
     1>ClCompile:
         C:\Program Files (x86)\Microsoft Visual Studio 12.0\VC\bin\CL.exe /c /ZI /nologo /W3 /WX- /Od /Oy- /D WIN32 /D _DEBUG /D _CONSOLE /D _LIB /D _UNICODE /D UNICODE /Gm /EHsc /RTC1 /MDd /GS /fp:precise /Zc:wchar_t /Zc:forScope /Fo"Debug\\" /Fd"Debug\vc120.pdb" /Gd /TP /analyze- /errorReport:prompt win32.cpp
         win32.cpp
     1>d:\project\ucc\vs\ucc-2013\ucc-2013\win32.cpp(65): warning C4996: 'getenv': This function or variable may be unsafe. Consider using _dupenv_s instead. To disable deprecation, use _CRT_SECURE_NO_WARNINGS. See online help for details.
                 c:\program files (x86)\microsoft visual studio 12.0\vc\include\stdlib.h(462) : 参见“getenv”的声明
     1>d:\project\ucc\vs\ucc-2013\ucc-2013\win32.cpp(71): warning C4996: 'getenv': This function or variable may be unsafe. Consider using _dupenv_s instead. To disable deprecation, use _CRT_SECURE_NO_WARNINGS. See online help for details.
                 c:\program files (x86)\microsoft visual studio 12.0\vc\include\stdlib.h(462) : 参见“getenv”的声明
     1>d:\project\ucc\vs\ucc-2013\ucc-2013\win32.cpp(77): warning C4996: 'getenv': This function or variable may be unsafe. Consider using _dupenv_s instead. To disable deprecation, use _CRT_SECURE_NO_WARNINGS. See online help for details.
                 c:\program files (x86)\microsoft visual studio 12.0\vc\include\stdlib.h(462) : 参见“getenv”的声明
       Link:
         C:\Program Files (x86)\Microsoft Visual Studio 12.0\VC\bin\link.exe /ERRORREPORT:PROMPT /OUT:"D:\Project\ucc\vs\ucc-2013\Debug\ucc-2013.exe" /INCREMENTAL /NOLOGO kernel32.lib user32.lib gdi32.lib winspool.lib comdlg32.lib advapi32.lib shell32.lib ole32.lib oleaut32.lib uuid.lib odbc32.lib odbccp32.lib /MANIFEST /MANIFESTUAC:"level='asInvoker' uiAccess='false'" /manifest:embed /DEBUG /PDB:"D:\Project\ucc\vs\ucc-2013\Debug\ucc-2013.pdb" /SUBSYSTEM:CONSOLE /TLBID:1 /DYNAMICBASE /NXCOMPAT /IMPLIB:"D:\Project\ucc\vs\ucc-2013\Debug\ucc-2013.lib" /MACHINE:X86 Debug\alloc.obj
         Debug\ast.obj
         Debug\decl.obj
         Debug\declchk.obj
         Debug\dumpast.obj
         Debug\emit.obj
         Debug\error.obj
         Debug\expr.obj
         Debug\exprchk.obj
         Debug\flow.obj
         Debug\fold.obj
         Debug\gen.obj
         Debug\input.obj
         Debug\lex.obj
         Debug\output.obj
         Debug\reg.obj
         Debug\simp.obj
         Debug\stmt.obj
         Debug\stmtchk.obj
         Debug\str.obj
         Debug\symbol.obj
         Debug\tranexpr.obj
         Debug\transtmt.obj
         Debug\type.obj
         Debug\ucc.obj
         Debug\ucl.obj
         Debug\uildasm.obj
         Debug\vector.obj
         Debug\win32.obj
         Debug\x86.obj
         Debug\x86win32.obj
         ucc-2013.vcxproj -> D:\Project\ucc\vs\ucc-2013\Debug\ucc-2013.exe
     1>已完成生成项目“D:\Project\ucc\vs\ucc-2013\ucc-2013\ucc-2013.vcxproj”(Build 个目标)的操作。

生成成功。

已用时间 00:00:00.34
